*** Using Compiler 'V5.06 update 6 (build 750)', folder: 'C:\Keil_v5\ARM\ARMCC\Bin'
Build target 'Master'
assembling startup_stm32h743xx.s...
compiling shell_port.c...
compiling tool.c...
compiling dwin.c...
compiling lte.c...
compiling shell.c...
compiling mdrtuslave.c...
compiling gpio.c...
compiling dma.c...
compiling main.c...
compiling fmc.c...
compiling quadspi.c...
compiling freertos.c...
compiling usart.c...
compiling usb_device.c...
compiling Flash.c...
compiling stm32h7xx_hal_msp.c...
compiling usbd_desc.c...
compiling stm32h7xx_it.c...
compiling usbd_conf.c...
compiling usbd_ctlreq.c...
compiling usbd_cdc.c...
compiling usbd_ioreq.c...
compiling usbd_core.c...
compiling usbd_cdc_if.c...
linking...
Program Size: Code=103448 RO-data=4976 RW-data=2552 ZI-data=276288  
FromELF: creating hex file...
After Build - User command #1: fromelf --bin --output "Master.bin"  "g:\STM32_Workers\STM32F1\Wireless_Io\Malone\Master\MDK-ARM\Master\Master.axf"
".\Master\Master.axf" - 0 Error(s), 0 Warning(s).
Build Time Elapsed:  00:01:54
